C:\Users\MSI\Google Drive\Projects\Angular2App\src\Angular2App\app\event-app.component.js
C:\Users\MSI\Google Drive\Projects\Angular2App\src\Angular2App\app\event-app.component.js.map
C:\Users\MSI\Google Drive\Projects\Angular2App\src\Angular2App\app\events\shared\event.service.js
C:\Users\MSI\Google Drive\Projects\Angular2App\src\Angular2App\app\events\shared\event.service.js.map
C:\Users\MSI\Google Drive\Projects\Angular2App\src\Angular2App\app\events\events-list.component.js
C:\Users\MSI\Google Drive\Projects\Angular2App\src\Angular2App\app\events\events-list.component.js.map
C:\Users\MSI\Google Drive\Projects\Angular2App\src\Angular2App\app\events\event-thumbnail.component.js
C:\Users\MSI\Google Drive\Projects\Angular2App\src\Angular2App\app\events\event-thumbnail.component.js.map
C:\Users\MSI\Google Drive\Projects\Angular2App\src\Angular2App\app\nav\navbar.component.js
C:\Users\MSI\Google Drive\Projects\Angular2App\src\Angular2App\app\nav\navbar.component.js.map
C:\Users\MSI\Google Drive\Projects\Angular2App\src\Angular2App\app\app.module.js
C:\Users\MSI\Google Drive\Projects\Angular2App\src\Angular2App\app\app.module.js.map
C:\Users\MSI\Google Drive\Projects\Angular2App\src\Angular2App\app\dummy.js
C:\Users\MSI\Google Drive\Projects\Angular2App\src\Angular2App\app\dummy.js.map
C:\Users\MSI\Google Drive\Projects\Angular2App\src\Angular2App\app\main.js
C:\Users\MSI\Google Drive\Projects\Angular2App\src\Angular2App\app\main.js.map
C:\Users\MSI\Google Drive\Projects\Angular2App\src\Angular2App\app\event-app.component.js
C:\Users\MSI\Google Drive\Projects\Angular2App\src\Angular2App\app\event-app.component.js.map
C:\Users\MSI\Google Drive\Projects\Angular2App\src\Angular2App\app\events\shared\event.service.js
C:\Users\MSI\Google Drive\Projects\Angular2App\src\Angular2App\app\events\shared\event.service.js.map
C:\Users\MSI\Google Drive\Projects\Angular2App\src\Angular2App\app\common\toastr.service.js
C:\Users\MSI\Google Drive\Projects\Angular2App\src\Angular2App\app\common\toastr.service.js.map
C:\Users\MSI\Google Drive\Projects\Angular2App\src\Angular2App\app\events\events-list.component.js
C:\Users\MSI\Google Drive\Projects\Angular2App\src\Angular2App\app\events\events-list.component.js.map
C:\Users\MSI\Google Drive\Projects\Angular2App\src\Angular2App\app\events\event-thumbnail.component.js
C:\Users\MSI\Google Drive\Projects\Angular2App\src\Angular2App\app\events\event-thumbnail.component.js.map
C:\Users\MSI\Google Drive\Projects\Angular2App\src\Angular2App\app\nav\navbar.component.js
C:\Users\MSI\Google Drive\Projects\Angular2App\src\Angular2App\app\nav\navbar.component.js.map
C:\Users\MSI\Google Drive\Projects\Angular2App\src\Angular2App\app\events\event-details\event-details.component.js
C:\Users\MSI\Google Drive\Projects\Angular2App\src\Angular2App\app\events\event-details\event-details.component.js.map
C:\Users\MSI\Google Drive\Projects\Angular2App\src\Angular2App\app\routes.js
C:\Users\MSI\Google Drive\Projects\Angular2App\src\Angular2App\app\routes.js.map
C:\Users\MSI\Google Drive\Projects\Angular2App\src\Angular2App\app\app.module.js
C:\Users\MSI\Google Drive\Projects\Angular2App\src\Angular2App\app\app.module.js.map
C:\Users\MSI\Google Drive\Projects\Angular2App\src\Angular2App\app\dummy.js
C:\Users\MSI\Google Drive\Projects\Angular2App\src\Angular2App\app\dummy.js.map
C:\Users\MSI\Google Drive\Projects\Angular2App\src\Angular2App\app\main.js
C:\Users\MSI\Google Drive\Projects\Angular2App\src\Angular2App\app\main.js.map
C:\Users\MSI\Google Drive\Projects\Angular2App\src\Angular2App\app\event-app.component.js
C:\Users\MSI\Google Drive\Projects\Angular2App\src\Angular2App\app\event-app.component.js.map
C:\Users\MSI\Google Drive\Projects\Angular2App\src\Angular2App\app\events\shared\event.service.js
C:\Users\MSI\Google Drive\Projects\Angular2App\src\Angular2App\app\events\shared\event.service.js.map
C:\Users\MSI\Google Drive\Projects\Angular2App\src\Angular2App\app\common\toastr.service.js
C:\Users\MSI\Google Drive\Projects\Angular2App\src\Angular2App\app\common\toastr.service.js.map
C:\Users\MSI\Google Drive\Projects\Angular2App\src\Angular2App\app\events\events-list.component.js
C:\Users\MSI\Google Drive\Projects\Angular2App\src\Angular2App\app\events\events-list.component.js.map
C:\Users\MSI\Google Drive\Projects\Angular2App\src\Angular2App\app\events\event-thumbnail.component.js
C:\Users\MSI\Google Drive\Projects\Angular2App\src\Angular2App\app\events\event-thumbnail.component.js.map
C:\Users\MSI\Google Drive\Projects\Angular2App\src\Angular2App\app\nav\navbar.component.js
C:\Users\MSI\Google Drive\Projects\Angular2App\src\Angular2App\app\nav\navbar.component.js.map
C:\Users\MSI\Google Drive\Projects\Angular2App\src\Angular2App\app\events\event-details\event-details.component.js
C:\Users\MSI\Google Drive\Projects\Angular2App\src\Angular2App\app\events\event-details\event-details.component.js.map
C:\Users\MSI\Google Drive\Projects\Angular2App\src\Angular2App\app\routes.js
C:\Users\MSI\Google Drive\Projects\Angular2App\src\Angular2App\app\routes.js.map
C:\Users\MSI\Google Drive\Projects\Angular2App\src\Angular2App\app\app.module.js
C:\Users\MSI\Google Drive\Projects\Angular2App\src\Angular2App\app\app.module.js.map
C:\Users\MSI\Google Drive\Projects\Angular2App\src\Angular2App\app\dummy.js
C:\Users\MSI\Google Drive\Projects\Angular2App\src\Angular2App\app\dummy.js.map
C:\Users\MSI\Google Drive\Projects\Angular2App\src\Angular2App\app\main.js
C:\Users\MSI\Google Drive\Projects\Angular2App\src\Angular2App\app\main.js.map
C:\Users\MSI\Google Drive\Projects\Angular2App\src\Angular2App\app\event-app.component.js
C:\Users\MSI\Google Drive\Projects\Angular2App\src\Angular2App\app\event-app.component.js.map
C:\Users\MSI\Google Drive\Projects\Angular2App\src\Angular2App\app\events\shared\event.service.js
C:\Users\MSI\Google Drive\Projects\Angular2App\src\Angular2App\app\events\shared\event.service.js.map
C:\Users\MSI\Google Drive\Projects\Angular2App\src\Angular2App\app\common\toastr.service.js
C:\Users\MSI\Google Drive\Projects\Angular2App\src\Angular2App\app\common\toastr.service.js.map
C:\Users\MSI\Google Drive\Projects\Angular2App\src\Angular2App\app\events\events-list.component.js
C:\Users\MSI\Google Drive\Projects\Angular2App\src\Angular2App\app\events\events-list.component.js.map
C:\Users\MSI\Google Drive\Projects\Angular2App\src\Angular2App\app\events\event-thumbnail.component.js
C:\Users\MSI\Google Drive\Projects\Angular2App\src\Angular2App\app\events\event-thumbnail.component.js.map
C:\Users\MSI\Google Drive\Projects\Angular2App\src\Angular2App\app\nav\navbar.component.js
C:\Users\MSI\Google Drive\Projects\Angular2App\src\Angular2App\app\nav\navbar.component.js.map
C:\Users\MSI\Google Drive\Projects\Angular2App\src\Angular2App\app\events\event-details\event-details.component.js
C:\Users\MSI\Google Drive\Projects\Angular2App\src\Angular2App\app\events\event-details\event-details.component.js.map
C:\Users\MSI\Google Drive\Projects\Angular2App\src\Angular2App\app\routes.js
C:\Users\MSI\Google Drive\Projects\Angular2App\src\Angular2App\app\routes.js.map
C:\Users\MSI\Google Drive\Projects\Angular2App\src\Angular2App\app\app.module.js
C:\Users\MSI\Google Drive\Projects\Angular2App\src\Angular2App\app\app.module.js.map
C:\Users\MSI\Google Drive\Projects\Angular2App\src\Angular2App\app\dummy.js
C:\Users\MSI\Google Drive\Projects\Angular2App\src\Angular2App\app\dummy.js.map
C:\Users\MSI\Google Drive\Projects\Angular2App\src\Angular2App\app\main.js
C:\Users\MSI\Google Drive\Projects\Angular2App\src\Angular2App\app\main.js.map
